Mar 27, 2013 11:01:09 AM org.apache.catalina.core.AprLifecycleListener init
INFO: The APR based Apache Tomcat Native library which allows optimal performance in production environments was not found on the java.library.path: C:\Program Files\Java\jdk1.6.0\bin;.;C:\Windows\Sun\Java\bin;C:\Windows\system32;C:\Windows;c:\app\amit\product\11.1.0\db_1\bin;C:\Windows\system32;C:\Windows;C:\Windows\system32\wbem;C:\Windows\system32\windowspowershell\v1.0\;c:\program files\widcomm\bluetooth software\;c:\program files\mysql\mysql server 5.1\bin;c:\program files\microsoft sql server\90\tools\binn\;c:\program files\ibm\gsk8\lib;C:\PROGRA~1\IBM\SQLLIB\BIN;C:\PROGRA~1\IBM\SQLLIB\FUNCTION;C:\PROGRA~1\IBM\SQLLIB\SAMPLES\REPL;C:\Program Files\Microsoft SQL Server\100\Tools\Binn\;C:\Program Files\Microsoft SQL Server\100\DTS\Binn\;C:\Program Files\Microsoft SQL Server\100\Tools\Binn\VSShell\Common7\IDE\
Mar 27, 2013 11:01:09 AM org.apache.coyote.http11.Http11Protocol init
INFO: Initializing Coyote HTTP/1.1 on http-8080
Mar 27, 2013 11:01:09 AM org.apache.catalina.startup.Catalina load
INFO: Initialization processed in 1201 ms
Mar 27, 2013 11:01:09 AM org.apache.catalina.core.StandardService start
INFO: Starting service Catalina
Mar 27, 2013 11:01:09 AM org.apache.catalina.core.StandardEngine start
INFO: Starting Servlet Engine: Apache Tomcat/6.0.35
Mar 27, 2013 11:01:09 AM org.apache.catalina.startup.HostConfig deployDescriptor
INFO: Deploying configuration descriptor host-manager.xml
Mar 27, 2013 11:01:10 AM org.apache.catalina.startup.HostConfig deployDescriptor
INFO: Deploying configuration descriptor manager.xml
Mar 27, 2013 11:01:10 AM org.apache.catalina.startup.HostConfig deployDirectory
INFO: Deploying web application directory docs
Mar 27, 2013 11:01:10 AM org.apache.catalina.startup.HostConfig deployDirectory
INFO: Deploying web application directory ERS
Mar 27, 2013 11:01:13 AM org.springframework.web.context.ContextLoader initWebApplicationContext
INFO: Root WebApplicationContext: initialization started
Mar 27, 2013 11:01:13 AM org.springframework.context.support.AbstractApplicationContext prepareRefresh
INFO: Refreshing Root WebApplicationContext: startup date [Wed Mar 27 11:01:13 IST 2013]; root of context hierarchy
Mar 27, 2013 11:01:14 AM org.springframework.beans.factory.xml.XmlBeanDefinitionReader loadBeanDefinitions
INFO: Loading XML bean definitions from ServletContext resource [/WEB-INF/SpringConfiguration.xml]
Mar 27, 2013 11:01:14 AM org.springframework.beans.factory.support.DefaultListableBeanFactory preInstantiateSingletons
INFO: Pre-instantiating singletons in org.springframework.beans.factory.support.DefaultListableBeanFactory@6397eb: defining beans [aboutERSActionBean,aboutDeveloperActionBean,loginActionBean,logoutActionBean,registerNowActionBean,contactUsActionBean,profileActionBean,userDAOBean]; root of factory hierarchy
Mar 27, 2013 11:01:14 AM org.springframework.web.context.ContextLoader initWebApplicationContext
INFO: Root WebApplicationContext: initialization completed in 1133 ms
Mar 27, 2013 11:01:15 AM com.opensymphony.xwork2.util.logging.commons.CommonsLogger info
INFO: Parsing configuration file [struts-default.xml]
Mar 27, 2013 11:01:15 AM com.opensymphony.xwork2.util.logging.commons.CommonsLogger error
SEVERE: Dispatcher initialization failed
Unable to load configuration. - bean - jar:file:/D:/AMIT_SERVER/apache-tomcat-6.0.35/webapps/ERS/WEB-INF/lib/struts2-core-2.2.1.jar!/struts-default.xml:29:72
	at com.opensymphony.xwork2.config.ConfigurationManager.getConfiguration(ConfigurationManager.java:69)
	at org.apache.struts2.dispatcher.Dispatcher.init_PreloadConfiguration(Dispatcher.java:371)
	at org.apache.struts2.dispatcher.Dispatcher.init(Dispatcher.java:415)
	at org.apache.struts2.dispatcher.FilterDispatcher.init(FilterDispatcher.java:190)
	at org.apache.catalina.core.ApplicationFilterConfig.getFilter(ApplicationFilterConfig.java:295)
	at org.apache.catalina.core.ApplicationFilterConfig.setFilterDef(ApplicationFilterConfig.java:422)
	at org.apache.catalina.core.ApplicationFilterConfig.<init>(ApplicationFilterConfig.java:115)
	at org.apache.catalina.core.StandardContext.filterStart(StandardContext.java:4072)
	at org.apache.catalina.core.StandardContext.start(StandardContext.java:4726)
	at org.apache.catalina.core.ContainerBase.addChildInternal(ContainerBase.java:799)
	at org.apache.catalina.core.ContainerBase.addChild(ContainerBase.java:779)
	at org.apache.catalina.core.StandardHost.addChild(StandardHost.java:601)
	at org.apache.catalina.startup.HostConfig.deployDirectory(HostConfig.java:1079)
	at org.apache.catalina.startup.HostConfig.deployDirectories(HostConfig.java:1002)
	at org.apache.catalina.startup.HostConfig.deployApps(HostConfig.java:506)
	at org.apache.catalina.startup.HostConfig.start(HostConfig.java:1317)
	at org.apache.catalina.startup.HostConfig.lifecycleEvent(HostConfig.java:324)
	at org.apache.catalina.util.LifecycleSupport.fireLifecycleEvent(LifecycleSupport.java:142)
	at org.apache.catalina.core.ContainerBase.start(ContainerBase.java:1065)
	at org.apache.catalina.core.StandardHost.start(StandardHost.java:840)
	at org.apache.catalina.core.ContainerBase.start(ContainerBase.java:1057)
	at org.apache.catalina.core.StandardEngine.start(StandardEngine.java:463)
	at org.apache.catalina.core.StandardService.start(StandardService.java:525)
	at org.apache.catalina.core.StandardServer.start(StandardServer.java:754)
	at org.apache.catalina.startup.Catalina.start(Catalina.java:595)
	at sun.reflect.NativeMethodAccessorImpl.invoke0(Native Method)
	at sun.reflect.NativeMethodAccessorImpl.invoke(NativeMethodAccessorImpl.java:39)
	at sun.reflect.DelegatingMethodAccessorImpl.invoke(DelegatingMethodAccessorImpl.java:25)
	at java.lang.reflect.Method.invoke(Method.java:597)
	at org.apache.catalina.startup.Bootstrap.start(Bootstrap.java:289)
	at org.apache.catalina.startup.Bootstrap.main(Bootstrap.java:414)
Caused by: Unable to load bean: type: class:com.opensymphony.xwork2.ObjectFactory - bean - jar:file:/D:/AMIT_SERVER/apache-tomcat-6.0.35/webapps/ERS/WEB-INF/lib/struts2-core-2.2.1.jar!/struts-default.xml:29:72
	at com.opensymphony.xwork2.config.providers.XmlConfigurationProvider.register(XmlConfigurationProvider.java:232)
	at org.apache.struts2.config.StrutsXmlConfigurationProvider.register(StrutsXmlConfigurationProvider.java:101)
	at com.opensymphony.xwork2.config.impl.DefaultConfiguration.reloadContainer(DefaultConfiguration.java:180)
	at com.opensymphony.xwork2.config.ConfigurationManager.getConfiguration(ConfigurationManager.java:66)
	... 30 more
Caused by: Bean type class com.opensymphony.xwork2.ObjectFactory with the name xwork has already been loaded by bean - jar:file:/D:/AMIT_SERVER/apache-tomcat-6.0.35/lib/struts2-core-2.2.1.jar!/struts-default.xml:29:72 - bean - jar:file:/D:/AMIT_SERVER/apache-tomcat-6.0.35/webapps/ERS/WEB-INF/lib/struts2-core-2.2.1.jar!/struts-default.xml:29:72
	at com.opensymphony.xwork2.config.providers.XmlConfigurationProvider.register(XmlConfigurationProvider.java:216)
	... 33 more
Mar 27, 2013 11:01:15 AM org.apache.catalina.core.StandardContext start
SEVERE: Error filterStart
Mar 27, 2013 11:01:15 AM org.apache.catalina.core.StandardContext start
SEVERE: Context [/ERS] startup failed due to previous errors
Mar 27, 2013 11:01:15 AM org.springframework.context.support.AbstractApplicationContext doClose
INFO: Closing Root WebApplicationContext: startup date [Wed Mar 27 11:01:13 IST 2013]; root of context hierarchy
Mar 27, 2013 11:01:15 AM org.springframework.beans.factory.support.DefaultSingletonBeanRegistry destroySingletons
INFO: Destroying singletons in org.springframework.beans.factory.support.DefaultListableBeanFactory@6397eb: defining beans [aboutERSActionBean,aboutDeveloperActionBean,loginActionBean,logoutActionBean,registerNowActionBean,contactUsActionBean,profileActionBean,userDAOBean]; root of factory hierarchy
Mar 27, 2013 11:01:16 AM org.apache.catalina.startup.HostConfig deployDirectory
INFO: Deploying web application directory examples
Mar 27, 2013 11:01:17 AM org.apache.catalina.startup.HostConfig deployDirectory
INFO: Deploying web application directory ROOT
Mar 27, 2013 11:01:17 AM org.apache.coyote.http11.Http11Protocol start
INFO: Starting Coyote HTTP/1.1 on http-8080
Mar 27, 2013 11:01:17 AM org.apache.jk.common.ChannelSocket init
INFO: JK: ajp13 listening on /0.0.0.0:8009
Mar 27, 2013 11:01:17 AM org.apache.jk.server.JkMain start
INFO: Jk running ID=0 time=0/42  config=null
Mar 27, 2013 11:01:17 AM org.apache.catalina.startup.Catalina start
INFO: Server startup in 7599 ms
Mar 27, 2013 11:04:08 AM org.apache.coyote.http11.Http11Protocol pause
INFO: Pausing Coyote HTTP/1.1 on http-8080
Mar 27, 2013 11:04:09 AM org.apache.catalina.core.StandardService stop
INFO: Stopping service Catalina
Mar 27, 2013 11:04:09 AM org.apache.coyote.http11.Http11Protocol destroy
INFO: Stopping Coyote HTTP/1.1 on http-8080
