Mar 27, 2013 11:01:13 AM org.apache.catalina.core.ApplicationContext log
INFO: Initializing Spring root WebApplicationContext
Mar 27, 2013 11:01:15 AM org.apache.catalina.core.StandardContext filterStart
SEVERE: Exception starting filter Struts2Filter
Unable to load configuration. - bean - jar:file:/D:/AMIT_SERVER/apache-tomcat-6.0.35/webapps/ERS/WEB-INF/lib/struts2-core-2.2.1.jar!/struts-default.xml:29:72
	at org.apache.struts2.dispatcher.Dispatcher.init(Dispatcher.java:428)
	at org.apache.struts2.dispatcher.FilterDispatcher.init(FilterDispatcher.java:190)
	at org.apache.catalina.core.ApplicationFilterConfig.getFilter(ApplicationFilterConfig.java:295)
	at org.apache.catalina.core.ApplicationFilterConfig.setFilterDef(ApplicationFilterConfig.java:422)
	at org.apache.catalina.core.ApplicationFilterConfig.<init>(ApplicationFilterConfig.java:115)
	at org.apache.catalina.core.StandardContext.filterStart(StandardContext.java:4072)
	at org.apache.catalina.core.StandardContext.start(StandardContext.java:4726)
	at org.apache.catalina.core.ContainerBase.addChildInternal(ContainerBase.java:799)
	at org.apache.catalina.core.ContainerBase.addChild(ContainerBase.java:779)
	at org.apache.catalina.core.StandardHost.addChild(StandardHost.java:601)
	at org.apache.catalina.startup.HostConfig.deployDirectory(HostConfig.java:1079)
	at org.apache.catalina.startup.HostConfig.deployDirectories(HostConfig.java:1002)
	at org.apache.catalina.startup.HostConfig.deployApps(HostConfig.java:506)
	at org.apache.catalina.startup.HostConfig.start(HostConfig.java:1317)
	at org.apache.catalina.startup.HostConfig.lifecycleEvent(HostConfig.java:324)
	at org.apache.catalina.util.LifecycleSupport.fireLifecycleEvent(LifecycleSupport.java:142)
	at org.apache.catalina.core.ContainerBase.start(ContainerBase.java:1065)
	at org.apache.catalina.core.StandardHost.start(StandardHost.java:840)
	at org.apache.catalina.core.ContainerBase.start(ContainerBase.java:1057)
	at org.apache.catalina.core.StandardEngine.start(StandardEngine.java:463)
	at org.apache.catalina.core.StandardService.start(StandardService.java:525)
	at org.apache.catalina.core.StandardServer.start(StandardServer.java:754)
	at org.apache.catalina.startup.Catalina.start(Catalina.java:595)
	at sun.reflect.NativeMethodAccessorImpl.invoke0(Native Method)
	at sun.reflect.NativeMethodAccessorImpl.invoke(NativeMethodAccessorImpl.java:39)
	at sun.reflect.DelegatingMethodAccessorImpl.invoke(DelegatingMethodAccessorImpl.java:25)
	at java.lang.reflect.Method.invoke(Method.java:597)
	at org.apache.catalina.startup.Bootstrap.start(Bootstrap.java:289)
	at org.apache.catalina.startup.Bootstrap.main(Bootstrap.java:414)
Caused by: Unable to load configuration. - bean - jar:file:/D:/AMIT_SERVER/apache-tomcat-6.0.35/webapps/ERS/WEB-INF/lib/struts2-core-2.2.1.jar!/struts-default.xml:29:72
	at com.opensymphony.xwork2.config.ConfigurationManager.getConfiguration(ConfigurationManager.java:69)
	at org.apache.struts2.dispatcher.Dispatcher.init_PreloadConfiguration(Dispatcher.java:371)
	at org.apache.struts2.dispatcher.Dispatcher.init(Dispatcher.java:415)
	... 28 more
Caused by: Unable to load bean: type: class:com.opensymphony.xwork2.ObjectFactory - bean - jar:file:/D:/AMIT_SERVER/apache-tomcat-6.0.35/webapps/ERS/WEB-INF/lib/struts2-core-2.2.1.jar!/struts-default.xml:29:72
	at com.opensymphony.xwork2.config.providers.XmlConfigurationProvider.register(XmlConfigurationProvider.java:232)
	at org.apache.struts2.config.StrutsXmlConfigurationProvider.register(StrutsXmlConfigurationProvider.java:101)
	at com.opensymphony.xwork2.config.impl.DefaultConfiguration.reloadContainer(DefaultConfiguration.java:180)
	at com.opensymphony.xwork2.config.ConfigurationManager.getConfiguration(ConfigurationManager.java:66)
	... 30 more
Caused by: Bean type class com.opensymphony.xwork2.ObjectFactory with the name xwork has already been loaded by bean - jar:file:/D:/AMIT_SERVER/apache-tomcat-6.0.35/lib/struts2-core-2.2.1.jar!/struts-default.xml:29:72 - bean - jar:file:/D:/AMIT_SERVER/apache-tomcat-6.0.35/webapps/ERS/WEB-INF/lib/struts2-core-2.2.1.jar!/struts-default.xml:29:72
	at com.opensymphony.xwork2.config.providers.XmlConfigurationProvider.register(XmlConfigurationProvider.java:216)
	... 33 more
Mar 27, 2013 11:01:15 AM org.apache.catalina.core.ApplicationContext log
INFO: Closing Spring root WebApplicationContext
Mar 27, 2013 11:01:17 AM org.apache.catalina.core.ApplicationContext log
INFO: ContextListener: contextInitialized()
Mar 27, 2013 11:01:17 AM org.apache.catalina.core.ApplicationContext log
INFO: SessionListener: contextInitialized()
Mar 27, 2013 11:04:09 AM org.apache.catalina.core.ApplicationContext log
INFO: SessionListener: contextDestroyed()
Mar 27, 2013 11:04:09 AM org.apache.catalina.core.ApplicationContext log
INFO: ContextListener: contextDestroyed()
